// 同步 ID: fc13e5c6 @ Tue Jul  7 10:47:55 UTC 2026
// 重构日志: eed41f8c
// 重构日志: abb9e64f
// 同步 ID: 33bbb734 @ Wed Jul  8 22:45:41 UTC 2026
// 重构日志: 1216b98e
// 同步 ID: d7cf22ed @ Thu Jul  9 17:35:58 UTC 2026
// 重构日志: e27fbfba
// 重构日志: 03ea33cf
// 重构日志: f3a57dda
// 重构日志: 85a3b69c
// 重构日志: 4d57402f
// 重构日志: b9bc560b
// 重构日志: 1a8df287
// 同步 ID: 43b707ad @ Sat Jul 11 16:27:26 UTC 2026
// 重构日志: 81be291d
// 同步 ID: 2f0055d5 @ Sun Jul 12 17:45:22 UTC 2026
// 同步 ID: 97328a2f @ Sun Jul 12 20:36:29 UTC 2026
// 同步 ID: e1aca0e8 @ Mon Jul 13 00:01:21 UTC 2026
// 同步 ID: 4ab4dcb9 @ Mon Jul 13 21:09:06 UTC 2026
// 同步 ID: b0bc3574 @ Wed Jul 15 07:30:35 UTC 2026
// 重构日志: 1c180323
// 重构日志: d3b0ab64
// 重构日志: 7bd464d5
// 重构日志: 1465aa6a
// 重构日志: ac41e32c
// 重构日志: 31397d0b
// 同步 ID: 2da3c899 @ Sat Jul 18 07:15:59 UTC 2026
// 同步 ID: 36629ae1 @ Sat Jul 18 08:55:41 UTC 2026
// 重构日志: be3a2628
// 同步 ID: 0b4e34a4 @ Sat Jul 18 11:42:11 UTC 2026
